[0130/141441:ERROR:process_reader_win.cc(142)] SuspendThread: 拒绝访问。 (0x5)
[0130/141441:ERROR:process_reader_win.cc(142)] SuspendThread: 拒绝访问。 (0x5)
[0130/141441:ERROR:process_reader_win.cc(142)] SuspendThread: 拒绝访问。 (0x5)
[0130/141441:ERROR:scoped_process_suspend.cc(38)] NtResumeProcess: 已尝试访问正在退出的过程。  (0xc000010a)
[0130/141441:ERROR:process_reader_win.cc(142)] SuspendThread: 拒绝访问。 (0x5)
[0130/141441:ERROR:process_reader_win.cc(142)] SuspendThread: 拒绝访问。 (0x5)
[0130/141441:ERROR:process_reader_win.cc(233)] ReadMemory at 0x14ae7a0 of 72 bytes failed: 仅完成部分的 ReadProcessMemory 或 WriteProcessMemory 请求。 (0x12B)
[0130/141441:ERROR:crash_report_exception_handler.cc(98)] WriteEverything failed
[0130/141441:ERROR:scoped_process_suspend.cc(38)] NtResumeProcess: 已尝试访问正在退出的过程。  (0xc000010a)
[0130/141441:ERROR:process_reader_win.cc(142)] SuspendThread: 拒绝访问。 (0x5)
[0130/141441:ERROR:exception_snapshot_win.cc(87)] thread ID 7960 not found in process
[0130/141441:WARNING:crash_report_exception_handler.cc(56)] ProcessSnapshotWin::Initialize failed
[0130/144850:ERROR:process_reader_win.cc(142)] SuspendThread: 拒绝访问。 (0x5)
[0130/144850:ERROR:process_reader_win.cc(142)] SuspendThread: 拒绝访问。 (0x5)
[0130/144850:ERROR:process_reader_win.cc(142)] SuspendThread: 拒绝访问。 (0x5)
[0130/144850:ERROR:process_reader_win.cc(142)] SuspendThread: 拒绝访问。 (0x5)
[0130/144850:ERROR:process_reader_win.cc(142)] SuspendThread: 拒绝访问。 (0x5)
[0130/144850:ERROR:process_reader_win.cc(142)] SuspendThread: 拒绝访问。 (0x5)
[0130/144850:ERROR:process_reader_win.cc(142)] SuspendThread: 拒绝访问。 (0x5)
[0130/144850:ERROR:process_reader_win.cc(142)] SuspendThread: 拒绝访问。 (0x5)
[0130/144850:ERROR:process_reader_win.cc(233)] ReadMemory at 0x4f5000 of 45056 bytes failed: 仅完成部分的 ReadProcessMemory 或 WriteProcessMemory 请求。 (0x12B)
[0130/144850:ERROR:crash_report_exception_handler.cc(98)] WriteEverything failed
[0130/144850:ERROR:scoped_process_suspend.cc(38)] NtResumeProcess: 已尝试访问正在退出的过程。  (0xc000010a)
